alias
alsdlf
and
archive.7z
args
arithmetic
array
array2
array3
array-join
awk-script
backlight
backup-minecraft
backup-rsync
bad-mv
badopts
brace
brackets
builder
builtin
calltrace
ccd
chars-per-line
chdir
clear-lines
click-thing
cmp1.txt
cmp2.txt
colors
commentfile.txt
compare
compgen
conditionals
conditionals2
conditionals3
cookie-clicker
cowshit
cowshit2
cpu
cpu-usage
create-desktop-file
csv
csv-apt
curl-nasty
date-format
debug-man
dep
dirname
doas
doubledouble
doublequotevar
dumbcalc
dumb-loop
dumbread
dumbrsync
dumbsleep
ebook
egrep
emoji
emoji-sequences.txt
envvar
escape
every-10-seconds
every-10-seconds.log
exec-in-other-term
export
export-child
extension
fetch
ffmpeg
file.txt
find-audio
find-exec
find-ignore
find-images
find-static-linked
find-static-linked.orig
first-two
fix-ssh-perms
foo
foobar
foo.c
foo.cc
foo.cpp
fooooo
foo.txt
for
for2
for3
for3-dumb
for-list
for-ls
format.sh
function
function2
gcc-help
gcc-help2
gcc-help3
gettext_examples
globs
gps
gps.txt
groups
guessnumber
hackerrank
has10ormorecomments
hello
hello-symlink.txt
hello.txt
hello-world
heredoc
hola
hotkey
https
hwmon
ifelse
ifgrep
ifz
indenter
infinite-read
is-child-path
isexec
jq1
jq1.json
json-sort
lines-between
lines.txt
list-files
literal
log
logfile
login-count-today
logindefs
lseth
main
makepkg
mapfile
mapfile.txt
mkdir
mouse-thing
mouse-thing2
mutex
mvs
my-man
mysql
nested-subst
nginx
nginxVersion.env
nohup.out
nslook
param-expansion
path
pattern
pdf-download
pdftottext
pictures
ping
ping2
ping-wtf
pipenv
pkgs
pkgs.txt
pretty
process
procsub
procsub2
proc-uptime
progress
prompt-yes-no
prompt-yes-no-alt
provision
ps1
quotes
quotes2
random-array-element
random-exec
readarray
read-prompt2
regex
regex2
regex3
remove-except
return-value
scrape
scrapeme.txt
select
select2
self-destruct
set-if-not-defined
shell-script-calling-awk
simple-read-input
single-quote
sleeping
smoke.pot
sort-me.json
spotify-jq
ssh
status
stdbuf
steam
store-and-print
strip-unicode-newline
subst
symlink
test-bash-source
test-find-exec
test-format
testit
test-sudo
text.txt
threads
time-subtract
trap
unicode2.dat
unicode.dat
update-grub
update-grub2
usage
utf
utf-print
varoutput
vim.txt
wait
wait-for-key
watch-file
weather
while-read
whiptail
whoami
wiki
word split
world
xargs
xev
xgettext-find
x.sh
yet-another-find
zenity
zenity2
alias
alsdlf
and
archive.7z
args
arithmetic
array
array2
array3
array-join
awk-script
backlight
backup-minecraft
backup-rsync
bad-mv
badopts
brace
brackets
builder
builtin
calltrace
ccd
chars-per-line
chdir
clear-lines
click-thing
cmp1.txt
cmp2.txt
colors
commentfile.txt
compare
compgen
conditionals
conditionals2
conditionals3
cookie-clicker
cowshit
cowshit2
cpu
cpu-usage
create-desktop-file
csv
csv-apt
curl-nasty
date-format
debug-man
dep
dirname
doas
doubledouble
doublequotevar
dumbcalc
dumb-loop
dumbread
dumbrsync
dumbsleep
ebook
egrep
emoji
emoji-sequences.txt
envvar
escape
every-10-seconds
every-10-seconds.log
exec-in-other-term
export
export-child
extension
fetch
ffmpeg
file.txt
find-audio
find-exec
find-ignore
find-images
find-static-linked
find-static-linked.orig
first-two
fix-ssh-perms
foo
foobar
foo.c
foo.cc
foo.cpp
fooooo
foo.txt
for
for2
for3
for3-dumb
for-list
for-ls
format.sh
function
function2
gcc-help
gcc-help2
gcc-help3
gettext_examples
globs
gps
gps.txt
groups
guessnumber
hackerrank
has10ormorecomments
hello
hello-symlink.txt
hello.txt
hello-world
heredoc
hola
hotkey
https
hwmon
ifelse
ifgrep
ifz
indenter
infinite-read
is-child-path
isexec
jq1
jq1.json
json-sort
lines-between
lines.txt
list-files
literal
log
logfile
login-count-today
logindefs
lseth
main
makepkg
mapfile
mapfile.txt
mkdir
mouse-thing
mouse-thing2
mutex
mvs
my-man
mysql
nested-subst
nginx
nginxVersion.env
nohup.out
nslook
param-expansion
path
pattern
pdf-download
pdftottext
pictures
ping
ping2
ping-wtf
pipenv
pkgs
pkgs.txt
pretty
process
procsub
procsub2
proc-uptime
progress
prompt-yes-no
prompt-yes-no-alt
provision
ps1
quotes
quotes2
random-array-element
random-exec
readarray
read-prompt2
regex
regex2
regex3
remove-except
return-value
scrape
scrapeme.txt
select
select2
self-destruct
set-if-not-defined
shell-script-calling-awk
simple-read-input
single-quote
sleeping
smoke.pot
sort-me.json
spotify-jq
ssh
status
stdbuf
steam
store-and-print
strip-unicode-newline
subst
symlink
test-bash-source
test-find-exec
test-format
testit
test-sudo
text.txt
threads
time-subtract
trap
unicode2.dat
unicode.dat
update-grub
update-grub2
usage
utf
utf-print
varoutput
vim.txt
wait
wait-for-key
watch-file
weather
while-read
whiptail
whoami
wiki
word split
world
xargs
xev
xgettext-find
x.sh
yet-another-find
zenity
zenity2
alias
alsdlf
and
archive.7z
args
arithmetic
array
array2
array3
array-join
awk-script
backlight
backup-minecraft
backup-rsync
bad-mv
badopts
brace
brackets
builder
builtin
calltrace
ccd
chars-per-line
chdir
clear-lines
click-thing
cmp1.txt
cmp2.txt
colors
commentfile.txt
compare
compgen
conditionals
conditionals2
conditionals3
cookie-clicker
cowshit
cowshit2
cpu
cpu-usage
create-desktop-file
csv
csv-apt
curl-nasty
date-format
debug-man
dep
dirname
doas
doubledouble
doublequotevar
dumbcalc
dumb-loop
dumbread
dumbrsync
dumbsleep
ebook
egrep
emoji
emoji-sequences.txt
envvar
escape
every-10-seconds
every-10-seconds.log
exec-in-other-term
export
export-child
extension
fetch
ffmpeg
file.txt
find-audio
find-exec
find-ignore
find-images
find-static-linked
find-static-linked.orig
first-two
fix-ssh-perms
foo
foobar
foo.c
foo.cc
foo.cpp
fooooo
foo.txt
for
for2
for3
for3-dumb
for-list
for-ls
format.sh
function
function2
gcc-help
gcc-help2
gcc-help3
gettext_examples
globs
gps
gps.txt
groups
guessnumber
hackerrank
has10ormorecomments
hello
hello-symlink.txt
hello.txt
hello-world
heredoc
hola
hotkey
https
hwmon
ifelse
ifgrep
ifz
indenter
infinite-read
is-child-path
isexec
jq1
jq1.json
json-sort
lines-between
lines.txt
list-files
literal
log
logfile
login-count-today
logindefs
lseth
main
makepkg
mapfile
mapfile.txt
mkdir
mouse-thing
mouse-thing2
mutex
mvs
my-man
mysql
nested-subst
nginx
nginxVersion.env
nohup.out
nslook
param-expansion
path
pattern
pdf-download
pdftottext
pictures
ping
ping2
ping-wtf
pipenv
pkgs
pkgs.txt
pretty
process
procsub
procsub2
proc-uptime
progress
prompt-yes-no
prompt-yes-no-alt
provision
ps1
quotes
quotes2
random-array-element
random-exec
readarray
read-prompt2
regex
regex2
regex3
remove-except
return-value
scrape
scrapeme.txt
select
select2
self-destruct
set-if-not-defined
shell-script-calling-awk
simple-read-input
single-quote
sleeping
smoke.pot
sort-me.json
spotify-jq
ssh
status
stdbuf
steam
store-and-print
strip-unicode-newline
subst
symlink
test-bash-source
test-find-exec
test-format
testit
test-sudo
text.txt
threads
time-subtract
trap
unicode2.dat
unicode.dat
update-grub
update-grub2
usage
utf
utf-print
varoutput
vim.txt
wait
wait-for-key
watch-file
weather
while-read
whiptail
whoami
wiki
word split
world
xargs
xev
xgettext-find
x.sh
yet-another-find
zenity
zenity2
alias
alsdlf
and
archive.7z
args
arithmetic
array
array2
array3
array-join
awk-script
backlight
backup-minecraft
backup-rsync
bad-mv
badopts
brace
brackets
builder
builtin
calltrace
ccd
chars-per-line
chdir
clear-lines
click-thing
cmp1.txt
cmp2.txt
colors
commentfile.txt
compare
compgen
conditionals
conditionals2
conditionals3
cookie-clicker
cowshit
cowshit2
cpu
cpu-usage
create-desktop-file
csv
csv-apt
curl-nasty
date-format
debug-man
dep
dirname
doas
doubledouble
doublequotevar
dumbcalc
dumb-loop
dumbread
dumbrsync
dumbsleep
ebook
egrep
emoji
emoji-sequences.txt
envvar
escape
every-10-seconds
every-10-seconds.log
exec-in-other-term
export
export-child
extension
fetch
ffmpeg
file.txt
find-audio
find-exec
find-ignore
find-images
find-static-linked
find-static-linked.orig
first-two
fix-ssh-perms
foo
foobar
foo.c
foo.cc
foo.cpp
fooooo
foo.txt
for
for2
for3
for3-dumb
for-list
for-ls
format.sh
function
function2
gcc-help
gcc-help2
gcc-help3
gettext_examples
globs
gps
gps.txt
groups
guessnumber
hackerrank
has10ormorecomments
hello
hello-symlink.txt
hello.txt
hello-world
heredoc
hola
hotkey
https
hwmon
ifelse
ifgrep
ifz
indenter
infinite-read
is-child-path
isexec
jq1
jq1.json
json-sort
lines-between
lines.txt
list-files
literal
log
logfile
login-count-today
logindefs
lseth
main
makepkg
mapfile
mapfile.txt
mkdir
mouse-thing
mouse-thing2
mutex
mvs
my-man
mysql
nested-subst
nginx
nginxVersion.env
nohup.out
nslook
param-expansion
path
pattern
pdf-download
pdftottext
pictures
ping
ping2
ping-wtf
pipenv
pkgs
pkgs.txt
pretty
process
procsub
procsub2
proc-uptime
progress
prompt-yes-no
prompt-yes-no-alt
provision
ps1
quotes
quotes2
random-array-element
random-exec
readarray
read-prompt2
regex
regex2
regex3
remove-except
return-value
scrape
scrapeme.txt
select
select2
self-destruct
set-if-not-defined
shell-script-calling-awk
simple-read-input
single-quote
sleeping
smoke.pot
sort-me.json
spotify-jq
ssh
status
stdbuf
steam
store-and-print
strip-unicode-newline
subst
symlink
test-bash-source
test-find-exec
test-format
testit
test-sudo
text.txt
threads
time-subtract
trap
unicode2.dat
unicode.dat
update-grub
update-grub2
usage
utf
utf-print
varoutput
vim.txt
wait
wait-for-key
watch-file
weather
while-read
whiptail
whoami
wiki
word split
world
xargs
xev
xgettext-find
x.sh
yet-another-find
zenity
zenity2
alias
alsdlf
and
archive.7z
args
arithmetic
array
array2
array3
array-join
awk-script
backlight
backup-minecraft
backup-rsync
bad-mv
badopts
brace
brackets
builder
builtin
calltrace
ccd
chars-per-line
chdir
clear-lines
click-thing
cmp1.txt
cmp2.txt
colors
commentfile.txt
compare
compgen
conditionals
conditionals2
conditionals3
cookie-clicker
cowshit
cowshit2
cpu
cpu-usage
create-desktop-file
csv
csv-apt
curl-nasty
date-format
debug-man
dep
dirname
doas
doubledouble
doublequotevar
dumbcalc
dumb-loop
dumbread
dumbrsync
dumbsleep
ebook
egrep
emoji
emoji-sequences.txt
envvar
escape
every-10-seconds
every-10-seconds.log
exec-in-other-term
export
export-child
extension
fetch
ffmpeg
file.txt
find-audio
find-exec
find-ignore
find-images
find-static-linked
find-static-linked.orig
first-two
fix-ssh-perms
foo
foobar
foo.c
foo.cc
foo.cpp
fooooo
foo.txt
for
for2
for3
for3-dumb
for-list
for-ls
format.sh
function
function2
gcc-help
gcc-help2
gcc-help3
gettext_examples
globs
gps
gps.txt
groups
guessnumber
hackerrank
has10ormorecomments
hello
hello-symlink.txt
hello.txt
hello-world
heredoc
hola
hotkey
https
hwmon
ifelse
ifgrep
ifz
indenter
infinite-read
is-child-path
isexec
jq1
jq1.json
json-sort
lines-between
lines.txt
list-files
literal
log
logfile
login-count-today
logindefs
lseth
main
makepkg
mapfile
mapfile.txt
mkdir
mouse-thing
mouse-thing2
mutex
mvs
my-man
mysql
nested-subst
nginx
nginxVersion.env
nohup.out
nslook
param-expansion
path
pattern
pdf-download
pdftottext
pictures
ping
ping2
ping-wtf
pipenv
pkgs
pkgs.txt
pretty
process
procsub
procsub2
proc-uptime
progress
prompt-yes-no
prompt-yes-no-alt
provision
ps1
quotes
quotes2
random-array-element
random-exec
readarray
read-prompt2
regex
regex2
regex3
remove-except
return-value
scrape
scrapeme.txt
select
select2
self-destruct
set-if-not-defined
shell-script-calling-awk
simple-read-input
single-quote
sleeping
smoke.pot
sort-me.json
spotify-jq
ssh
status
stdbuf
steam
store-and-print
strip-unicode-newline
subst
symlink
test-bash-source
test-find-exec
test-format
testit
test-sudo
text.txt
threads
time-subtract
trap
unicode2.dat
unicode.dat
update-grub
update-grub2
usage
utf
utf-print
varoutput
vim.txt
wait
wait-for-key
watch-file
weather
while-read
whiptail
whoami
wiki
word split
world
xargs
xev
xgettext-find
x.sh
yet-another-find
zenity
zenity2
alias
alsdlf
and
archive.7z
args
arithmetic
array
array2
array3
array-join
awk-script
backlight
backup-minecraft
backup-rsync
bad-mv
badopts
brace
brackets
builder
builtin
calltrace
ccd
chars-per-line
chdir
clear-lines
click-thing
cmp1.txt
cmp2.txt
colors
commentfile.txt
compare
compgen
conditionals
conditionals2
conditionals3
cookie-clicker
cowshit
cowshit2
cpu
cpu-usage
create-desktop-file
csv
csv-apt
curl-nasty
date-format
debug-man
dep
dirname
doas
doubledouble
doublequotevar
dumbcalc
dumb-loop
dumbread
dumbrsync
dumbsleep
ebook
egrep
emoji
emoji-sequences.txt
envvar
escape
every-10-seconds
every-10-seconds.log
exec-in-other-term
export
export-child
extension
fetch
ffmpeg
file.txt
find-audio
find-exec
find-ignore
find-images
find-static-linked
find-static-linked.orig
first-two
fix-ssh-perms
foo
foobar
foo.c
foo.cc
foo.cpp
fooooo
foo.txt
for
for2
for3
for3-dumb
for-list
for-ls
format.sh
function
function2
gcc-help
gcc-help2
gcc-help3
gettext_examples
globs
gps
gps.txt
groups
guessnumber
hackerrank
has10ormorecomments
hello
hello-symlink.txt
hello.txt
hello-world
heredoc
hola
hotkey
https
hwmon
ifelse
ifgrep
ifz
indenter
infinite-read
is-child-path
isexec
jq1
jq1.json
json-sort
lines-between
lines.txt
list-files
literal
log
logfile
login-count-today
logindefs
lseth
main
makepkg
mapfile
mapfile.txt
mkdir
mouse-thing
mouse-thing2
mutex
mvs
my-man
mysql
nested-subst
nginx
nginxVersion.env
nohup.out
nslook
param-expansion
path
pattern
pdf-download
pdftottext
pictures
ping
ping2
ping-wtf
pipenv
pkgs
pkgs.txt
pretty
process
procsub
procsub2
proc-uptime
progress
prompt-yes-no
prompt-yes-no-alt
provision
ps1
quotes
quotes2
random-array-element
random-exec
readarray
read-prompt2
regex
regex2
regex3
remove-except
return-value
scrape
scrapeme.txt
select
select2
self-destruct
set-if-not-defined
shell-script-calling-awk
simple-read-input
single-quote
sleeping
smoke.pot
sort-me.json
spotify-jq
ssh
status
stdbuf
steam
store-and-print
strip-unicode-newline
subst
symlink
test-bash-source
test-find-exec
test-format
testit
test-sudo
text.txt
threads
time-subtract
trap
unicode2.dat
unicode.dat
update-grub
update-grub2
usage
utf
utf-print
varoutput
vim.txt
wait
wait-for-key
watch-file
weather
while-read
whiptail
whoami
wiki
word split
world
xargs
xev
xgettext-find
x.sh
yet-another-find
zenity
zenity2
alias
alsdlf
and
archive.7z
args
arithmetic
array
array2
array3
array-join
awk-script
backlight
backup-minecraft
backup-rsync
bad-mv
badopts
brace
brackets
builder
builtin
calltrace
ccd
chars-per-line
chdir
clear-lines
click-thing
cmp1.txt
cmp2.txt
colors
commentfile.txt
compare
compgen
conditionals
conditionals2
conditionals3
cookie-clicker
cowshit
cowshit2
cpu
cpu-usage
create-desktop-file
csv
csv-apt
curl-nasty
date-format
debug-man
dep
dirname
doas
doubledouble
doublequotevar
dumbcalc
dumb-loop
dumbread
dumbrsync
dumbsleep
ebook
egrep
emoji
emoji-sequences.txt
envvar
escape
every-10-seconds
every-10-seconds.log
exec-in-other-term
export
export-child
extension
fetch
ffmpeg
file.txt
find-audio
find-exec
find-ignore
find-images
find-static-linked
find-static-linked.orig
first-two
fix-ssh-perms
foo
foobar
foo.c
foo.cc
foo.cpp
fooooo
foo.txt
for
for2
for3
for3-dumb
for-list
for-ls
format.sh
function
function2
gcc-help
gcc-help2
gcc-help3
gettext_examples
globs
gps
gps.txt
groups
guessnumber
hackerrank
has10ormorecomments
hello
hello-symlink.txt
hello.txt
hello-world
heredoc
hola
hotkey
https
hwmon
ifelse
ifgrep
ifz
indenter
infinite-read
is-child-path
isexec
jq1
jq1.json
json-sort
lines-between
lines.txt
list-files
literal
log
logfile
login-count-today
logindefs
lseth
main
makepkg
mapfile
mapfile.txt
mkdir
mouse-thing
mouse-thing2
mutex
mvs
my-man
mysql
nested-subst
nginx
nginxVersion.env
nohup.out
nslook
param-expansion
path
pattern
pdf-download
pdftottext
pictures
ping
ping2
ping-wtf
pipenv
pkgs
pkgs.txt
pretty
process
procsub
procsub2
proc-uptime
progress
prompt-yes-no
prompt-yes-no-alt
provision
ps1
quotes
quotes2
random-array-element
random-exec
readarray
read-prompt2
regex
regex2
regex3
remove-except
return-value
scrape
scrapeme.txt
select
select2
self-destruct
set-if-not-defined
shell-script-calling-awk
simple-read-input
single-quote
sleeping
smoke.pot
sort-me.json
spotify-jq
ssh
status
stdbuf
steam
store-and-print
strip-unicode-newline
subst
symlink
test-bash-source
test-find-exec
test-format
testit
test-sudo
text.txt
threads
time-subtract
trap
unicode2.dat
unicode.dat
update-grub
update-grub2
usage
utf
utf-print
varoutput
vim.txt
wait
wait-for-key
watch-file
weather
while-read
whiptail
whoami
wiki
word split
world
xargs
xev
xgettext-find
x.sh
yet-another-find
zenity
zenity2
alias
alsdlf
and
archive.7z
args
arithmetic
array
array2
array3
array-join
awk-script
backlight
backup-minecraft
backup-rsync
bad-mv
badopts
brace
brackets
builder
builtin
calltrace
ccd
chars-per-line
chdir
clear-lines
click-thing
cmp1.txt
cmp2.txt
colors
commentfile.txt
compare
compgen
conditionals
conditionals2
conditionals3
cookie-clicker
cowshit
cowshit2
cpu
cpu-usage
create-desktop-file
csv
csv-apt
curl-nasty
date-format
debug-man
dep
dirname
doas
doubledouble
doublequotevar
dumbcalc
dumb-loop
dumbread
dumbrsync
dumbsleep
ebook
egrep
emoji
emoji-sequences.txt
envvar
escape
every-10-seconds
every-10-seconds.log
exec-in-other-term
export
export-child
extension
fetch
ffmpeg
file.txt
find-audio
find-exec
find-ignore
find-images
find-static-linked
find-static-linked.orig
first-two
fix-ssh-perms
foo
foobar
foo.c
foo.cc
foo.cpp
fooooo
foo.txt
for
for2
for3
for3-dumb
for-list
for-ls
format.sh
function
function2
gcc-help
gcc-help2
gcc-help3
gettext_examples
globs
gps
gps.txt
groups
guessnumber
hackerrank
has10ormorecomments
hello
hello-symlink.txt
hello.txt
hello-world
heredoc
hola
hotkey
https
hwmon
ifelse
ifgrep
ifz
indenter
infinite-read
is-child-path
isexec
jq1
jq1.json
json-sort
lines-between
lines.txt
list-files
literal
log
logfile
login-count-today
logindefs
lseth
main
makepkg
mapfile
mapfile.txt
mkdir
mouse-thing
mouse-thing2
mutex
mvs
my-man
mysql
nested-subst
nginx
nginxVersion.env
nohup.out
nslook
param-expansion
path
pattern
pdf-download
pdftottext
pictures
ping
ping2
ping-wtf
pipenv
pkgs
pkgs.txt
pretty
process
procsub
procsub2
proc-uptime
progress
prompt-yes-no
prompt-yes-no-alt
provision
ps1
quotes
quotes2
random-array-element
random-exec
readarray
read-prompt2
regex
regex2
regex3
remove-except
return-value
scrape
scrapeme.txt
select
select2
self-destruct
set-if-not-defined
shell-script-calling-awk
simple-read-input
single-quote
sleeping
smoke.pot
sort-me.json
spotify-jq
ssh
status
stdbuf
steam
store-and-print
strip-unicode-newline
subst
symlink
test-bash-source
test-find-exec
test-format
testit
test-sudo
text.txt
threads
time-subtract
trap
unicode2.dat
unicode.dat
update-grub
update-grub2
usage
utf
utf-print
varoutput
vim.txt
wait
wait-for-key
watch-file
weather
while-read
whiptail
whoami
wiki
word split
world
xargs
xev
xgettext-find
x.sh
yet-another-find
zenity
zenity2
alias
alsdlf
and
archive.7z
args
arithmetic
array
array2
array3
array-join
awk-script
backlight
backup-minecraft
backup-rsync
bad-mv
badopts
brace
brackets
builder
builtin
calltrace
ccd
chars-per-line
chdir
clear-lines
click-thing
cmp1.txt
cmp2.txt
colors
commentfile.txt
compare
compgen
conditionals
conditionals2
conditionals3
cookie-clicker
cowshit
cowshit2
cpu
cpu-usage
create-desktop-file
csv
csv-apt
curl-nasty
date-format
debug-man
dep
dirname
doas
doubledouble
doublequotevar
dumbcalc
dumb-loop
dumbread
dumbrsync
dumbsleep
ebook
egrep
emoji
emoji-sequences.txt
envvar
escape
every-10-seconds
every-10-seconds.log
exec-in-other-term
export
export-child
extension
fetch
ffmpeg
file.txt
find-audio
find-exec
find-ignore
find-images
find-static-linked
find-static-linked.orig
first-two
fix-ssh-perms
foo
foobar
foo.c
foo.cc
foo.cpp
fooooo
foo.txt
for
for2
for3
for3-dumb
for-list
for-ls
format.sh
function
function2
gcc-help
gcc-help2
gcc-help3
gettext_examples
globs
gps
gps.txt
groups
guessnumber
hackerrank
has10ormorecomments
hello
hello-symlink.txt
hello.txt
hello-world
heredoc
hola
hotkey
https
hwmon
ifelse
ifgrep
ifz
indenter
infinite-read
is-child-path
isexec
jq1
jq1.json
json-sort
lines-between
lines.txt
list-files
literal
log
logfile
login-count-today
logindefs
lseth
main
makepkg
mapfile
mapfile.txt
mkdir
mouse-thing
mouse-thing2
mutex
mvs
my-man
mysql
nested-subst
nginx
nginxVersion.env
nohup.out
nslook
param-expansion
path
pattern
pdf-download
pdftottext
pictures
ping
ping2
ping-wtf
pipenv
pkgs
pkgs.txt
pretty
process
procsub
procsub2
proc-uptime
progress
prompt-yes-no
prompt-yes-no-alt
provision
ps1
quotes
quotes2
random-array-element
random-exec
readarray
read-prompt2
regex
regex2
regex3
remove-except
return-value
scrape
scrapeme.txt
select
select2
self-destruct
set-if-not-defined
shell-script-calling-awk
simple-read-input
single-quote
sleeping
smoke.pot
sort-me.json
spotify-jq
ssh
status
stdbuf
steam
store-and-print
strip-unicode-newline
subst
symlink
test-bash-source
test-find-exec
test-format
testit
test-sudo
text.txt
threads
time-subtract
trap
unicode2.dat
unicode.dat
update-grub
update-grub2
usage
utf
utf-print
varoutput
vim.txt
wait
wait-for-key
watch-file
weather
while-read
whiptail
whoami
wiki
word split
world
xargs
xev
xgettext-find
x.sh
yet-another-find
zenity
zenity2
alias
alsdlf
and
archive.7z
args
arithmetic
array
array2
array3
array-join
awk-script
backlight
backup-minecraft
backup-rsync
bad-mv
badopts
brace
brackets
builder
builtin
calltrace
ccd
chars-per-line
chdir
clear-lines
click-thing
cmp1.txt
cmp2.txt
colors
commentfile.txt
compare
compgen
conditionals
conditionals2
conditionals3
cookie-clicker
cowshit
cowshit2
cpu
cpu-usage
create-desktop-file
csv
csv-apt
curl-nasty
date-format
debug-man
dep
dirname
doas
doubledouble
doublequotevar
dumbcalc
dumb-loop
dumbread
dumbrsync
dumbsleep
ebook
egrep
emoji
emoji-sequences.txt
envvar
escape
every-10-seconds
every-10-seconds.log
exec-in-other-term
export
export-child
extension
fetch
ffmpeg
file.txt
find-audio
find-exec
find-ignore
find-images
find-static-linked
find-static-linked.orig
first-two
fix-ssh-perms
foo
foobar
foo.c
foo.cc
foo.cpp
fooooo
foo.txt
for
for2
for3
for3-dumb
for-list
for-ls
format.sh
function
function2
gcc-help
gcc-help2
gcc-help3
gettext_examples
globs
gps
gps.txt
groups
guessnumber
hackerrank
has10ormorecomments
hello
hello-symlink.txt
hello.txt
hello-world
heredoc
hola
hotkey
https
hwmon
ifelse
ifgrep
ifz
indenter
infinite-read
is-child-path
isexec
jq1
jq1.json
json-sort
lines-between
lines.txt
list-files
literal
log
logfile
login-count-today
logindefs
lseth
main
makepkg
mapfile
mapfile.txt
mkdir
mouse-thing
mouse-thing2
mutex
mvs
my-man
mysql
nested-subst
nginx
nginxVersion.env
nohup.out
nslook
param-expansion
path
pattern
pdf-download
pdftottext
pictures
ping
ping2
ping-wtf
pipenv
pkgs
pkgs.txt
pretty
process
procsub
procsub2
proc-uptime
progress
prompt-yes-no
prompt-yes-no-alt
provision
ps1
quotes
quotes2
random-array-element
random-exec
readarray
read-prompt2
regex
regex2
regex3
remove-except
return-value
scrape
scrapeme.txt
select
select2
self-destruct
set-if-not-defined
shell-script-calling-awk
simple-read-input
single-quote
sleeping
smoke.pot
sort-me.json
spotify-jq
ssh
status
stdbuf
steam
store-and-print
strip-unicode-newline
subst
symlink
test-bash-source
test-find-exec
test-format
testit
test-sudo
text.txt
threads
time-subtract
trap
unicode2.dat
unicode.dat
update-grub
update-grub2
usage
utf
utf-print
varoutput
vim.txt
wait
wait-for-key
watch-file
weather
while-read
whiptail
whoami
wiki
word split
world
xargs
xev
xgettext-find
x.sh
yet-another-find
zenity
zenity2
alias
alsdlf
and
archive.7z
args
arithmetic
array
array2
array3
array-join
awk-script
backlight
backup-minecraft
backup-rsync
bad-mv
badopts
brace
brackets
builder
builtin
calltrace
ccd
chars-per-line
chdir
clear-lines
click-thing
cmp1.txt
cmp2.txt
colors
commentfile.txt
compare
compgen
conditionals
conditionals2
conditionals3
cookie-clicker
cowshit
cowshit2
cpu
cpu-usage
create-desktop-file
csv
csv-apt
curl-nasty
date-format
debug-man
dep
dirname
doas
doubledouble
doublequotevar
dumbcalc
dumb-loop
dumbread
dumbrsync
dumbsleep
ebook
egrep
emoji
emoji-sequences.txt
envvar
escape
every-10-seconds
every-10-seconds.log
exec-in-other-term
export
export-child
extension
fetch
ffmpeg
file.txt
find-audio
find-exec
find-ignore
find-images
find-static-linked
find-static-linked.orig
first-two
fix-ssh-perms
foo
foobar
foo.c
foo.cc
foo.cpp
fooooo
foo.txt
for
for2
for3
for3-dumb
for-list
for-ls
format.sh
function
function2
gcc-help
gcc-help2
gcc-help3
gettext_examples
globs
gps
gps.txt
groups
guessnumber
hackerrank
has10ormorecomments
hello
hello-symlink.txt
hello.txt
hello-world
heredoc
hola
hotkey
https
hwmon
ifelse
ifgrep
ifz
indenter
infinite-read
is-child-path
isexec
jq1
jq1.json
json-sort
lines-between
lines.txt
list-files
literal
log
logfile
login-count-today
logindefs
lseth
main
makepkg
mapfile
mapfile.txt
mkdir
mouse-thing
mouse-thing2
mutex
mvs
my-man
mysql
nested-subst
nginx
nginxVersion.env
nohup.out
nslook
param-expansion
path
pattern
pdf-download
pdftottext
pictures
ping
ping2
ping-wtf
pipenv
pkgs
pkgs.txt
pretty
process
procsub
procsub2
proc-uptime
progress
prompt-yes-no
prompt-yes-no-alt
provision
ps1
quotes
quotes2
random-array-element
random-exec
readarray
read-prompt2
regex
regex2
regex3
remove-except
return-value
scrape
scrapeme.txt
select
select2
self-destruct
set-if-not-defined
shell-script-calling-awk
simple-read-input
single-quote
sleeping
smoke.pot
sort-me.json
spotify-jq
ssh
status
stdbuf
steam
store-and-print
strip-unicode-newline
subst
symlink
test-bash-source
test-find-exec
test-format
testit
test-sudo
text.txt
threads
time-subtract
trap
unicode2.dat
unicode.dat
update-grub
update-grub2
usage
utf
utf-print
varoutput
vim.txt
wait
wait-for-key
watch-file
weather
while-read
whiptail
whoami
wiki
word split
world
xargs
xev
xgettext-find
x.sh
yet-another-find
zenity
zenity2
alias
alsdlf
and
archive.7z
args
arithmetic
array
array2
array3
array-join
awk-script
backlight
backup-minecraft
backup-rsync
bad-mv
badopts
brace
brackets
builder
builtin
calltrace
ccd
chars-per-line
chdir
clear-lines
click-thing
cmp1.txt
cmp2.txt
colors
commentfile.txt
compare
compgen
conditionals
conditionals2
conditionals3
cookie-clicker
cowshit
cowshit2
cpu
cpu-usage
create-desktop-file
csv
csv-apt
curl-nasty
date-format
debug-man
dep
dirname
doas
doubledouble
doublequotevar
dumbcalc
dumb-loop
dumbread
dumbrsync
dumbsleep
ebook
egrep
emoji
emoji-sequences.txt
envvar
escape
every-10-seconds
every-10-seconds.log
exec-in-other-term
export
export-child
extension
fetch
ffmpeg
file.txt
find-audio
find-exec
find-ignore
find-images
find-static-linked
find-static-linked.orig
first-two
fix-ssh-perms
foo
foobar
foo.c
foo.cc
foo.cpp
fooooo
foo.txt
for
for2
for3
for3-dumb
for-list
for-ls
format.sh
function
function2
gcc-help
gcc-help2
gcc-help3
gettext_examples
globs
gps
gps.txt
groups
guessnumber
hackerrank
has10ormorecomments
hello
hello-symlink.txt
hello.txt
hello-world
heredoc
hola
hotkey
https
hwmon
ifelse
ifgrep
ifz
indenter
infinite-read
is-child-path
isexec
jq1
jq1.json
json-sort
lines-between
lines.txt
list-files
literal
log
logfile
login-count-today
logindefs
lseth
main
makepkg
mapfile
mapfile.txt
mkdir
mouse-thing
mouse-thing2
mutex
mvs
my-man
mysql
nested-subst
nginx
nginxVersion.env
nohup.out
nslook
param-expansion
path
pattern
pdf-download
pdftottext
pictures
ping
ping2
ping-wtf
pipenv
pkgs
pkgs.txt
pretty
process
procsub
procsub2
proc-uptime
progress
prompt-yes-no
prompt-yes-no-alt
provision
ps1
quotes
quotes2
random-array-element
random-exec
readarray
read-prompt2
regex
regex2
regex3
remove-except
return-value
scrape
scrapeme.txt
select
select2
self-destruct
set-if-not-defined
shell-script-calling-awk
simple-read-input
single-quote
sleeping
smoke.pot
sort-me.json
spotify-jq
ssh
status
stdbuf
steam
store-and-print
strip-unicode-newline
subst
symlink
test-bash-source
test-find-exec
test-format
testit
test-sudo
text.txt
threads
time-subtract
trap
unicode2.dat
unicode.dat
update-grub
update-grub2
usage
utf
utf-print
varoutput
vim.txt
wait
wait-for-key
watch-file
weather
while-read
whiptail
whoami
wiki
word split
world
xargs
xev
xgettext-find
x.sh
yet-another-find
zenity
zenity2
alias
alsdlf
and
archive.7z
args
arithmetic
array
array2
array3
array-join
awk-script
backlight
backup-minecraft
backup-rsync
bad-mv
badopts
brace
brackets
builder
builtin
calltrace
ccd
chars-per-line
chdir
clear-lines
click-thing
cmp1.txt
cmp2.txt
colors
commentfile.txt
compare
compgen
conditionals
conditionals2
conditionals3
cookie-clicker
cowshit
cowshit2
cpu
cpu-usage
create-desktop-file
csv
csv-apt
curl-nasty
date-format
debug-man
dep
dirname
doas
doubledouble
doublequotevar
dumbcalc
dumb-loop
dumbread
dumbrsync
dumbsleep
ebook
egrep
emoji
emoji-sequences.txt
envvar
escape
every-10-seconds
every-10-seconds.log
exec-in-other-term
export
export-child
extension
fetch
ffmpeg
file.txt
find-audio
find-exec
find-ignore
find-images
find-static-linked
find-static-linked.orig
first-two
fix-ssh-perms
foo
foobar
foo.c
foo.cc
foo.cpp
fooooo
foo.txt
for
for2
for3
for3-dumb
for-list
for-ls
format.sh
function
function2
gcc-help
gcc-help2
gcc-help3
gettext_examples
globs
gps
gps.txt
groups
guessnumber
hackerrank
has10ormorecomments
hello
hello-symlink.txt
hello.txt
hello-world
heredoc
hola
hotkey
https
hwmon
ifelse
ifgrep
ifz
indenter
infinite-read
is-child-path
isexec
jq1
jq1.json
json-sort
lines-between
lines.txt
list-files
literal
log
logfile
login-count-today
logindefs
lseth
main
makepkg
mapfile
mapfile.txt
mkdir
mouse-thing
mouse-thing2
mutex
mvs
my-man
mysql
nested-subst
nginx
nginxVersion.env
nohup.out
nslook
param-expansion
path
pattern
pdf-download
pdftottext
pictures
ping
ping2
ping-wtf
pipenv
pkgs
pkgs.txt
pretty
process
procsub
procsub2
proc-uptime
progress
prompt-yes-no
prompt-yes-no-alt
provision
ps1
quotes
quotes2
random-array-element
random-exec
readarray
read-prompt2
regex
regex2
regex3
remove-except
return-value
scrape
scrapeme.txt
select
select2
self-destruct
set-if-not-defined
shell-script-calling-awk
simple-read-input
single-quote
sleeping
smoke.pot
sort-me.json
spotify-jq
ssh
status
stdbuf
steam
store-and-print
strip-unicode-newline
subst
symlink
test-bash-source
test-find-exec
test-format
testit
test-sudo
text.txt
threads
time-subtract
trap
unicode2.dat
unicode.dat
update-grub
update-grub2
usage
utf
utf-print
varoutput
vim.txt
wait
wait-for-key
watch-file
weather
while-read
whiptail
whoami
wiki
word split
world
xargs
xev
xgettext-find
x.sh
yet-another-find
zenity
zenity2
alias
alsdlf
and
archive.7z
args
arithmetic
array
array2
array3
array-join
awk-script
backlight
backup-minecraft
backup-rsync
bad-mv
badopts
brace
brackets
builder
builtin
calltrace
ccd
chars-per-line
chdir
clear-lines
click-thing
cmp1.txt
cmp2.txt
colors
commentfile.txt
compare
compgen
conditionals
conditionals2
conditionals3
cookie-clicker
cowshit
cowshit2
cpu
cpu-usage
create-desktop-file
csv
csv-apt
curl-nasty
date-format
debug-man
dep
dirname
doas
doubledouble
doublequotevar
dumbcalc
dumb-loop
dumbread
dumbrsync
dumbsleep
ebook
egrep
emoji
emoji-sequences.txt
envvar
escape
every-10-seconds
every-10-seconds.log
exec-in-other-term
export
export-child
extension
fetch
ffmpeg
file.txt
find-audio
find-exec
find-ignore
find-images
find-static-linked
find-static-linked.orig
first-two
fix-ssh-perms
foo
foobar
foo.c
foo.cc
foo.cpp
fooooo
foo.txt
for
for2
for3
for3-dumb
for-list
for-ls
format.sh
function
function2
gcc-help
gcc-help2
gcc-help3
gettext_examples
globs
gps
gps.txt
groups
guessnumber
hackerrank
has10ormorecomments
hello
hello-symlink.txt
hello.txt
hello-world
heredoc
hola
hotkey
https
hwmon
ifelse
ifgrep
ifz
indenter
infinite-read
is-child-path
isexec
jq1
jq1.json
json-sort
lines-between
lines.txt
list-files
literal
log
logfile
login-count-today
logindefs
lseth
main
makepkg
mapfile
mapfile.txt
mkdir
mouse-thing
mouse-thing2
mutex
mvs
my-man
mysql
nested-subst
nginx
nginxVersion.env
nohup.out
nslook
param-expansion
path
pattern
pdf-download
pdftottext
pictures
ping
ping2
ping-wtf
pipenv
pkgs
pkgs.txt
pretty
process
procsub
procsub2
proc-uptime
progress
prompt-yes-no
prompt-yes-no-alt
provision
ps1
quotes
quotes2
random-array-element
random-exec
readarray
read-prompt2
regex
regex2
regex3
remove-except
return-value
scrape
scrapeme.txt
select
select2
self-destruct
set-if-not-defined
shell-script-calling-awk
simple-read-input
single-quote
sleeping
smoke.pot
sort-me.json
spotify-jq
ssh
status
stdbuf
steam
store-and-print
strip-unicode-newline
subst
symlink
test-bash-source
test-find-exec
test-format
testit
test-sudo
text.txt
threads
time-subtract
trap
unicode2.dat
unicode.dat
update-grub
update-grub2
usage
utf
utf-print
varoutput
vim.txt
wait
wait-for-key
watch-file
weather
while-read
whiptail
whoami
wiki
word split
world
xargs
xev
xgettext-find
x.sh
yet-another-find
zenity
zenity2
alias
alsdlf
and
archive.7z
args
arithmetic
array
array2
array3
array-join
awk-script
backlight
backup-minecraft
backup-rsync
bad-mv
badopts
brace
brackets
builder
builtin
calltrace
ccd
chars-per-line
chdir
clear-lines
click-thing
cmp1.txt
cmp2.txt
colors
commentfile.txt
compare
compgen
conditionals
conditionals2
conditionals3
cookie-clicker
cowshit
cowshit2
cpu
cpu-usage
create-desktop-file
csv
csv-apt
curl-nasty
date-format
debug-man
dep
dirname
doas
doubledouble
doublequotevar
dumbcalc
dumb-loop
dumbread
dumbrsync
dumbsleep
ebook
egrep
emoji
emoji-sequences.txt
envvar
escape
every-10-seconds
every-10-seconds.log
exec-in-other-term
export
export-child
extension
fetch
ffmpeg
file.txt
find-audio
find-exec
find-ignore
find-images
find-static-linked
find-static-linked.orig
first-two
fix-ssh-perms
foo
foobar
foo.c
foo.cc
foo.cpp
fooooo
foo.txt
for
for2
for3
for3-dumb
for-list
for-ls
format.sh
function
function2
gcc-help
gcc-help2
gcc-help3
gettext_examples
globs
gps
gps.txt
groups
guessnumber
hackerrank
has10ormorecomments
hello
hello-symlink.txt
hello.txt
hello-world
heredoc
hola
hotkey
https
hwmon
ifelse
ifgrep
ifz
indenter
infinite-read
is-child-path
isexec
jq1
jq1.json
json-sort
lines-between
lines.txt
list-files
literal
log
logfile
login-count-today
logindefs
lseth
main
makepkg
mapfile
mapfile.txt
mkdir
mouse-thing
mouse-thing2
mutex
mvs
my-man
mysql
nested-subst
nginx
nginxVersion.env
nohup.out
nslook
param-expansion
path
pattern
pdf-download
pdftottext
pictures
ping
ping2
ping-wtf
pipenv
pkgs
pkgs.txt
pretty
process
procsub
procsub2
proc-uptime
progress
prompt-yes-no
prompt-yes-no-alt
provision
ps1
quotes
quotes2
random-array-element
random-exec
readarray
read-prompt2
regex
regex2
regex3
remove-except
return-value
scrape
scrapeme.txt
select
select2
self-destruct
set-if-not-defined
shell-script-calling-awk
simple-read-input
single-quote
sleeping
smoke.pot
sort-me.json
spotify-jq
ssh
status
stdbuf
steam
store-and-print
strip-unicode-newline
subst
symlink
test-bash-source
test-find-exec
test-format
testit
test-sudo
text.txt
threads
time-subtract
trap
unicode2.dat
unicode.dat
update-grub
update-grub2
usage
utf
utf-print
varoutput
vim.txt
wait
wait-for-key
watch-file
weather
while-read
whiptail
whoami
wiki
word split
world
xargs
xev
xgettext-find
x.sh
yet-another-find
zenity
zenity2
alias
alsdlf
and
archive.7z
args
arithmetic
array
array2
array3
array-join
awk-script
backlight
backup-minecraft
backup-rsync
bad-mv
badopts
brace
brackets
builder
builtin
calltrace
ccd
chars-per-line
chdir
clear-lines
click-thing
cmp1.txt
cmp2.txt
colors
commentfile.txt
compare
compgen
conditionals
conditionals2
conditionals3
cookie-clicker
cowshit
cowshit2
cpu
cpu-usage
create-desktop-file
csv
csv-apt
curl-nasty
date-format
debug-man
dep
dirname
doas
doubledouble
doublequotevar
dumbcalc
dumb-loop
dumbread
dumbrsync
dumbsleep
ebook
egrep
emoji
emoji-sequences.txt
envvar
escape
every-10-seconds
every-10-seconds.log
exec-in-other-term
export
export-child
extension
fetch
ffmpeg
file.txt
find-audio
find-exec
find-ignore
find-images
find-static-linked
find-static-linked.orig
first-two
fix-ssh-perms
foo
foobar
foo.c
foo.cc
foo.cpp
fooooo
foo.txt
for
for2
for3
for3-dumb
for-list
for-ls
format.sh
function
function2
gcc-help
gcc-help2
gcc-help3
gettext_examples
globs
gps
gps.txt
groups
guessnumber
hackerrank
has10ormorecomments
hello
hello-symlink.txt
hello.txt
hello-world
heredoc
hola
hotkey
https
hwmon
ifelse
ifgrep
ifz
indenter
infinite-read
is-child-path
isexec
jq1
jq1.json
json-sort
lines-between
lines.txt
list-files
literal
log
logfile
login-count-today
logindefs
lseth
main
makepkg
mapfile
mapfile.txt
mkdir
mouse-thing
mouse-thing2
mutex
mvs
my-man
mysql
nested-subst
nginx
nginxVersion.env
nohup.out
nslook
param-expansion
path
pattern
pdf-download
pdftottext
pictures
ping
ping2
ping-wtf
pipenv
pkgs
pkgs.txt
pretty
process
procsub
procsub2
proc-uptime
progress
prompt-yes-no
prompt-yes-no-alt
provision
ps1
quotes
quotes2
random-array-element
random-exec
readarray
read-prompt2
regex
regex2
regex3
remove-except
return-value
scrape
scrapeme.txt
select
select2
self-destruct
set-if-not-defined
shell-script-calling-awk
simple-read-input
single-quote
sleeping
smoke.pot
sort-me.json
spotify-jq
ssh
status
stdbuf
steam
store-and-print
strip-unicode-newline
subst
symlink
test-bash-source
test-find-exec
test-format
testit
test-sudo
text.txt
threads
time-subtract
trap
unicode2.dat
unicode.dat
update-grub
update-grub2
usage
utf
utf-print
varoutput
vim.txt
wait
wait-for-key
watch-file
weather
while-read
whiptail
whoami
wiki
word split
world
xargs
xev
xgettext-find
x.sh
yet-another-find
zenity
zenity2
alias
alsdlf
and
archive.7z
args
arithmetic
array
array2
array3
array-join
awk-script
backlight
backup-minecraft
backup-rsync
bad-mv
badopts
brace
brackets
builder
builtin
calltrace
ccd
chars-per-line
chdir
clear-lines
click-thing
cmp1.txt
cmp2.txt
colors
commentfile.txt
compare
compgen
conditionals
conditionals2
conditionals3
cookie-clicker
cowshit
cowshit2
cpu
cpu-usage
create-desktop-file
csv
csv-apt
curl-nasty
date-format
debug-man
dep
dirname
doas
doubledouble
doublequotevar
dumbcalc
dumb-loop
dumbread
dumbrsync
dumbsleep
ebook
egrep
emoji
emoji-sequences.txt
envvar
escape
every-10-seconds
every-10-seconds.log
exec-in-other-term
export
export-child
extension
fetch
ffmpeg
file.txt
find-audio
find-exec
find-ignore
find-images
find-static-linked
find-static-linked.orig
first-two
fix-ssh-perms
foo
foobar
foo.c
foo.cc
foo.cpp
fooooo
foo.txt
for
for2
for3
for3-dumb
for-list
for-ls
format.sh
function
function2
gcc-help
gcc-help2
gcc-help3
gettext_examples
globs
gps
gps.txt
groups
guessnumber
hackerrank
has10ormorecomments
hello
hello-symlink.txt
hello.txt
hello-world
heredoc
hola
hotkey
https
hwmon
ifelse
ifgrep
ifz
indenter
infinite-read
is-child-path
isexec
jq1
jq1.json
json-sort
lines-between
lines.txt
list-files
literal
log
logfile
login-count-today
logindefs
lseth
main
makepkg
mapfile
mapfile.txt
mkdir
mouse-thing
mouse-thing2
mutex
mvs
my-man
mysql
nested-subst
nginx
nginxVersion.env
nohup.out
nslook
param-expansion
path
pattern
pdf-download
pdftottext
pictures
ping
ping2
ping-wtf
pipenv
pkgs
pkgs.txt
pretty
process
procsub
procsub2
proc-uptime
progress
prompt-yes-no
prompt-yes-no-alt
provision
ps1
quotes
quotes2
random-array-element
random-exec
readarray
read-prompt2
regex
regex2
regex3
remove-except
return-value
scrape
scrapeme.txt
select
select2
self-destruct
set-if-not-defined
shell-script-calling-awk
simple-read-input
single-quote
sleeping
smoke.pot
sort-me.json
spotify-jq
ssh
status
stdbuf
steam
store-and-print
strip-unicode-newline
subst
symlink
test-bash-source
test-find-exec
test-format
testit
test-sudo
text.txt
threads
time-subtract
trap
unicode2.dat
unicode.dat
update-grub
update-grub2
usage
utf
utf-print
varoutput
vim.txt
wait
wait-for-key
watch-file
weather
while-read
whiptail
whoami
wiki
word split
world
xargs
xev
xgettext-find
x.sh
yet-another-find
zenity
zenity2
alias
alsdlf
and
archive.7z
args
arithmetic
array
array2
array3
array-join
awk-script
backlight
backup-minecraft
backup-rsync
bad-mv
badopts
brace
brackets
builder
builtin
calltrace
ccd
chars-per-line
chdir
clear-lines
click-thing
cmp1.txt
cmp2.txt
colors
commentfile.txt
compare
compgen
conditionals
conditionals2
conditionals3
cookie-clicker
cowshit
cowshit2
cpu
cpu-usage
create-desktop-file
csv
csv-apt
curl-nasty
date-format
debug-man
dep
dirname
doas
doubledouble
doublequotevar
dumbcalc
dumb-loop
dumbread
dumbrsync
dumbsleep
ebook
egrep
emoji
emoji-sequences.txt
envvar
escape
every-10-seconds
every-10-seconds.log
exec-in-other-term
export
export-child
extension
fetch
ffmpeg
file.txt
find-audio
find-exec
find-ignore
find-images
find-static-linked
find-static-linked.orig
first-two
fix-ssh-perms
foo
foobar
foo.c
foo.cc
foo.cpp
fooooo
foo.txt
for
for2
for3
for3-dumb
for-list
for-ls
format.sh
function
function2
gcc-help
gcc-help2
gcc-help3
gettext_examples
globs
gps
gps.txt
groups
guessnumber
hackerrank
has10ormorecomments
hello
hello-symlink.txt
hello.txt
hello-world
heredoc
hola
hotkey
https
hwmon
ifelse
ifgrep
ifz
indenter
infinite-read
is-child-path
isexec
jq1
jq1.json
json-sort
lines-between
lines.txt
list-files
literal
log
logfile
login-count-today
logindefs
lseth
main
makepkg
mapfile
mapfile.txt
mkdir
mouse-thing
mouse-thing2
mutex
mvs
my-man
mysql
nested-subst
nginx
nginxVersion.env
nohup.out
nslook
param-expansion
path
pattern
pdf-download
pdftottext
pictures
ping
ping2
ping-wtf
pipenv
pkgs
pkgs.txt
pretty
process
procsub
procsub2
proc-uptime
progress
prompt-yes-no
prompt-yes-no-alt
provision
ps1
quotes
quotes2
random-array-element
random-exec
readarray
read-prompt2
regex
regex2
regex3
remove-except
return-value
scrape
scrapeme.txt
select
select2
self-destruct
set-if-not-defined
shell-script-calling-awk
simple-read-input
single-quote
sleeping
smoke.pot
sort-me.json
spotify-jq
ssh
status
stdbuf
steam
store-and-print
strip-unicode-newline
subst
symlink
test-bash-source
test-find-exec
test-format
testit
test-sudo
text.txt
threads
time-subtract
trap
unicode2.dat
unicode.dat
update-grub
update-grub2
usage
utf
utf-print
varoutput
vim.txt
wait
wait-for-key
watch-file
weather
while-read
whiptail
whoami
wiki
word split
world
xargs
xev
xgettext-find
x.sh
yet-another-find
zenity
zenity2
alias
alsdlf
and
archive.7z
args
arithmetic
array
array2
array3
array-join
awk-script
backlight
backup-minecraft
backup-rsync
bad-mv
badopts
brace
brackets
builder
builtin
calltrace
ccd
chars-per-line
chdir
clear-lines
click-thing
cmp1.txt
cmp2.txt
colors
commentfile.txt
compare
compgen
conditionals
conditionals2
conditionals3
cookie-clicker
cowshit
cowshit2
cpu
cpu-usage
create-desktop-file
csv
csv-apt
curl-nasty
date-format
debug-man
dep
dirname
doas
doubledouble
doublequotevar
dumbcalc
dumb-loop
dumbread
dumbrsync
dumbsleep
ebook
egrep
emoji
emoji-sequences.txt
envvar
escape
every-10-seconds
every-10-seconds.log
exec-in-other-term
export
export-child
extension
fetch
ffmpeg
file.txt
find-audio
find-exec
find-ignore
find-images
find-static-linked
find-static-linked.orig
first-two
fix-ssh-perms
foo
foobar
foo.c
foo.cc
foo.cpp
fooooo
foo.txt
for
for2
for3
for3-dumb
for-list
for-ls
format.sh
function
function2
gcc-help
gcc-help2
gcc-help3
gettext_examples
globs
gps
gps.txt
groups
guessnumber
hackerrank
has10ormorecomments
hello
hello-symlink.txt
hello.txt
hello-world
heredoc
hola
hotkey
https
hwmon
ifelse
ifgrep
ifz
indenter
infinite-read
is-child-path
isexec
jq1
jq1.json
json-sort
lines-between
lines.txt
list-files
literal
log
logfile
login-count-today
logindefs
lseth
main
makepkg
mapfile
mapfile.txt
mkdir
mouse-thing
mouse-thing2
mutex
mvs
my-man
mysql
nested-subst
nginx
nginxVersion.env
nohup.out
nslook
param-expansion
path
pattern
pdf-download
pdftottext
pictures
ping
ping2
ping-wtf
pipenv
pkgs
pkgs.txt
pretty
process
procsub
procsub2
proc-uptime
progress
prompt-yes-no
prompt-yes-no-alt
provision
ps1
quotes
quotes2
random-array-element
random-exec
readarray
read-prompt2
regex
regex2
regex3
remove-except
return-value
scrape
scrapeme.txt
select
select2
self-destruct
set-if-not-defined
shell-script-calling-awk
simple-read-input
single-quote
sleeping
smoke.pot
sort-me.json
spotify-jq
ssh
status
stdbuf
steam
store-and-print
strip-unicode-newline
subst
symlink
test-bash-source
test-find-exec
test-format
testit
test-sudo
text.txt
threads
time-subtract
trap
unicode2.dat
unicode.dat
update-grub
update-grub2
usage
utf
utf-print
varoutput
vim.txt
wait
wait-for-key
watch-file
weather
while-read
whiptail
whoami
wiki
word split
world
xargs
xev
xgettext-find
x.sh
yet-another-find
zenity
zenity2
alias
alsdlf
and
archive.7z
args
arithmetic
array
array2
array3
array-join
awk-script
backlight
backup-minecraft
backup-rsync
bad-mv
badopts
brace
brackets
builder
builtin
calltrace
ccd
chars-per-line
chdir
clear-lines
click-thing
cmp1.txt
cmp2.txt
colors
commentfile.txt
compare
compgen
conditionals
conditionals2
conditionals3
cookie-clicker
cowshit
cowshit2
cpu
cpu-usage
create-desktop-file
csv
csv-apt
curl-nasty
date-format
debug-man
dep
dirname
doas
doubledouble
doublequotevar
dumbcalc
dumb-loop
dumbread
dumbrsync
dumbsleep
ebook
egrep
emoji
emoji-sequences.txt
envvar
escape
every-10-seconds
every-10-seconds.log
exec-in-other-term
export
export-child
extension
fetch
ffmpeg
file.txt
find-audio
find-exec
find-ignore
find-images
find-static-linked
find-static-linked.orig
first-two
fix-ssh-perms
foo
foobar
foo.c
foo.cc
foo.cpp
fooooo
foo.txt
for
for2
for3
for3-dumb
for-list
for-ls
format.sh
function
function2
gcc-help
gcc-help2
gcc-help3
gettext_examples
globs
gps
gps.txt
groups
guessnumber
hackerrank
has10ormorecomments
hello
hello-symlink.txt
hello.txt
hello-world
heredoc
hola
hotkey
https
hwmon
ifelse
ifgrep
ifz
indenter
infinite-read
is-child-path
isexec
jq1
jq1.json
json-sort
lines-between
lines.txt
list-files
literal
log
logfile
login-count-today
logindefs
lseth
main
makepkg
mapfile
mapfile.txt
mkdir
mouse-thing
mouse-thing2
mutex
mvs
my-man
mysql
nested-subst
nginx
nginxVersion.env
nohup.out
nslook
param-expansion
path
pattern
pdf-download
pdftottext
pictures
ping
ping2
ping-wtf
pipenv
pkgs
pkgs.txt
pretty
process
procsub
procsub2
proc-uptime
progress
prompt-yes-no
prompt-yes-no-alt
provision
ps1
quotes
quotes2
random-array-element
random-exec
readarray
read-prompt2
regex
regex2
regex3
remove-except
return-value
scrape
scrapeme.txt
select
select2
self-destruct
set-if-not-defined
shell-script-calling-awk
simple-read-input
single-quote
sleeping
smoke.pot
sort-me.json
spotify-jq
ssh
status
stdbuf
steam
store-and-print
strip-unicode-newline
subst
symlink
test-bash-source
test-find-exec
test-format
testit
test-sudo
text.txt
threads
time-subtract
trap
unicode2.dat
unicode.dat
update-grub
update-grub2
usage
utf
utf-print
varoutput
vim.txt
wait
wait-for-key
watch-file
weather
while-read
whiptail
whoami
wiki
word split
world
xargs
xev
xgettext-find
x.sh
yet-another-find
zenity
zenity2
alias
alsdlf
and
archive.7z
args
arithmetic
array
array2
array3
array-join
awk-script
backlight
backup-minecraft
backup-rsync
bad-mv
badopts
brace
brackets
builder
builtin
calltrace
ccd
chars-per-line
chdir
clear-lines
click-thing
cmp1.txt
cmp2.txt
colors
commentfile.txt
compare
compgen
conditionals
conditionals2
conditionals3
cookie-clicker
cowshit
cowshit2
cpu
cpu-usage
create-desktop-file
csv
csv-apt
curl-nasty
date-format
debug-man
dep
dirname
doas
doubledouble
doublequotevar
dumbcalc
dumb-loop
dumbread
dumbrsync
dumbsleep
ebook
egrep
emoji
emoji-sequences.txt
envvar
escape
every-10-seconds
every-10-seconds.log
exec-in-other-term
export
export-child
extension
fetch
ffmpeg
file.txt
find-audio
find-exec
find-ignore
find-images
find-static-linked
find-static-linked.orig
first-two
fix-ssh-perms
foo
foobar
foo.c
foo.cc
foo.cpp
fooooo
foo.txt
for
for2
for3
for3-dumb
for-list
for-ls
format.sh
function
function2
gcc-help
gcc-help2
gcc-help3
gettext_examples
globs
gps
gps.txt
groups
guessnumber
hackerrank
has10ormorecomments
hello
hello-symlink.txt
hello.txt
hello-world
heredoc
hola
hotkey
https
hwmon
ifelse
ifgrep
ifz
indenter
infinite-read
is-child-path
isexec
jq1
jq1.json
json-sort
lines-between
lines.txt
list-files
literal
log
logfile
login-count-today
logindefs
lseth
main
makepkg
mapfile
mapfile.txt
mkdir
mouse-thing
mouse-thing2
mutex
mvs
my-man
mysql
nested-subst
nginx
nginxVersion.env
nohup.out
nslook
param-expansion
path
pattern
pdf-download
pdftottext
pictures
ping
ping2
ping-wtf
pipenv
pkgs
pkgs.txt
pretty
process
procsub
procsub2
proc-uptime
progress
prompt-yes-no
prompt-yes-no-alt
provision
ps1
quotes
quotes2
random-array-element
random-exec
readarray
read-prompt2
regex
regex2
regex3
remove-except
return-value
scrape
scrapeme.txt
select
select2
self-destruct
set-if-not-defined
shell-script-calling-awk
simple-read-input
single-quote
sleeping
smoke.pot
sort-me.json
spotify-jq
ssh
status
stdbuf
steam
store-and-print
strip-unicode-newline
subst
symlink
test-bash-source
test-find-exec
test-format
testit
test-sudo
text.txt
threads
time-subtract
trap
unicode2.dat
unicode.dat
update-grub
update-grub2
usage
utf
utf-print
varoutput
vim.txt
wait
wait-for-key
watch-file
weather
while-read
whiptail
whoami
wiki
word split
world
xargs
xev
xgettext-find
x.sh
yet-another-find
zenity
zenity2
alias
alsdlf
and
archive.7z
args
arithmetic
array
array2
array3
array-join
awk-script
backlight
backup-minecraft
backup-rsync
bad-mv
badopts
brace
brackets
builder
builtin
calltrace
ccd
chars-per-line
chdir
clear-lines
click-thing
cmp1.txt
cmp2.txt
colors
commentfile.txt
compare
compgen
conditionals
conditionals2
conditionals3
cookie-clicker
cowshit
cowshit2
cpu
cpu-usage
create-desktop-file
csv
csv-apt
curl-nasty
date-format
debug-man
dep
dirname
doas
doubledouble
doublequotevar
dumbcalc
dumb-loop
dumbread
dumbrsync
dumbsleep
ebook
egrep
emoji
emoji-sequences.txt
envvar
escape
every-10-seconds
every-10-seconds.log
exec-in-other-term
export
export-child
extension
fetch
ffmpeg
file.txt
find-audio
find-exec
find-ignore
find-images
find-static-linked
find-static-linked.orig
first-two
fix-ssh-perms
foo
foobar
foo.c
foo.cc
foo.cpp
fooooo
foo.txt
for
for2
for3
for3-dumb
for-list
for-ls
format.sh
function
function2
gcc-help
gcc-help2
gcc-help3
gettext_examples
globs
gps
gps.txt
groups
guessnumber
hackerrank
has10ormorecomments
hello
hello-symlink.txt
hello.txt
hello-world
heredoc
hola
hotkey
https
hwmon
ifelse
ifgrep
ifz
indenter
infinite-read
is-child-path
isexec
jq1
jq1.json
json-sort
lines-between
lines.txt
list-files
literal
log
logfile
login-count-today
logindefs
lseth
main
makepkg
mapfile
mapfile.txt
mkdir
mouse-thing
mouse-thing2
mutex
mvs
my-man
mysql
nested-subst
nginx
nginxVersion.env
nohup.out
nslook
param-expansion
path
pattern
pdf-download
pdftottext
pictures
ping
ping2
ping-wtf
pipenv
pkgs
pkgs.txt
pretty
process
procsub
procsub2
proc-uptime
progress
prompt-yes-no
prompt-yes-no-alt
provision
ps1
quotes
quotes2
random-array-element
random-exec
readarray
read-prompt2
regex
regex2
regex3
remove-except
return-value
scrape
scrapeme.txt
select
select2
self-destruct
set-if-not-defined
shell-script-calling-awk
simple-read-input
single-quote
sleeping
smoke.pot
sort-me.json
spotify-jq
ssh
status
stdbuf
steam
store-and-print
strip-unicode-newline
subst
symlink
test-bash-source
test-find-exec
test-format
testit
test-sudo
text.txt
threads
time-subtract
trap
unicode2.dat
unicode.dat
update-grub
update-grub2
usage
utf
utf-print
varoutput
vim.txt
wait
wait-for-key
watch-file
weather
while-read
whiptail
whoami
wiki
word split
world
xargs
xev
xgettext-find
x.sh
yet-another-find
zenity
zenity2
alias
alsdlf
and
archive.7z
args
arithmetic
array
array2
array3
array-join
awk-script
backlight
backup-minecraft
backup-rsync
bad-mv
badopts
brace
brackets
builder
builtin
calltrace
ccd
chars-per-line
chdir
clear-lines
click-thing
cmp1.txt
cmp2.txt
colors
commentfile.txt
compare
compgen
conditionals
conditionals2
conditionals3
cookie-clicker
cowshit
cowshit2
cpu
cpu-usage
create-desktop-file
csv
csv-apt
curl-nasty
date-format
debug-man
dep
dirname
doas
doubledouble
doublequotevar
dumbcalc
dumb-loop
dumbread
dumbrsync
dumbsleep
ebook
egrep
emoji
emoji-sequences.txt
envvar
escape
every-10-seconds
every-10-seconds.log
exec-in-other-term
export
export-child
extension
fetch
ffmpeg
file.txt
find-audio
find-exec
find-ignore
find-images
find-static-linked
find-static-linked.orig
first-two
fix-ssh-perms
foo
foobar
foo.c
foo.cc
foo.cpp
fooooo
foo.txt
for
for2
for3
for3-dumb
for-list
for-ls
format.sh
function
function2
gcc-help
gcc-help2
gcc-help3
gettext_examples
globs
gps
gps.txt
groups
guessnumber
hackerrank
has10ormorecomments
hello
hello-symlink.txt
hello.txt
hello-world
heredoc
hola
hotkey
https
hwmon
ifelse
ifgrep
ifz
indenter
infinite-read
is-child-path
isexec
jq1
jq1.json
json-sort
lines-between
lines.txt
list-files
literal
log
logfile
login-count-today
logindefs
lseth
main
makepkg
mapfile
mapfile.txt
mkdir
mouse-thing
mouse-thing2
mutex
mvs
my-man
mysql
nested-subst
nginx
nginxVersion.env
nohup.out
nslook
param-expansion
path
pattern
pdf-download
pdftottext
pictures
ping
ping2
ping-wtf
pipenv
pkgs
pkgs.txt
pretty
process
procsub
procsub2
proc-uptime
progress
prompt-yes-no
prompt-yes-no-alt
provision
ps1
quotes
quotes2
random-array-element
random-exec
readarray
read-prompt2
regex
regex2
regex3
remove-except
return-value
scrape
scrapeme.txt
select
select2
self-destruct
set-if-not-defined
shell-script-calling-awk
simple-read-input
single-quote
sleeping
smoke.pot
sort-me.json
spotify-jq
ssh
status
stdbuf
steam
store-and-print
strip-unicode-newline
subst
symlink
test-bash-source
test-find-exec
test-format
testit
test-sudo
text.txt
threads
time-subtract
trap
unicode2.dat
unicode.dat
update-grub
update-grub2
usage
utf
utf-print
varoutput
vim.txt
wait
wait-for-key
watch-file
weather
while-read
whiptail
whoami
wiki
word split
world
xargs
xev
xgettext-find
x.sh
yet-another-find
zenity
zenity2
alias
alsdlf
and
archive.7z
args
arithmetic
array
array2
array3
array-join
awk-script
backlight
backup-minecraft
backup-rsync
bad-mv
badopts
brace
brackets
builder
builtin
calltrace
ccd
chars-per-line
chdir
clear-lines
click-thing
cmp1.txt
cmp2.txt
colors
commentfile.txt
compare
compgen
conditionals
conditionals2
conditionals3
cookie-clicker
cowshit
cowshit2
cpu
cpu-usage
create-desktop-file
csv
csv-apt
curl-nasty
date-format
debug-man
dep
dirname
doas
doubledouble
doublequotevar
dumbcalc
dumb-loop
dumbread
dumbrsync
dumbsleep
ebook
egrep
emoji
emoji-sequences.txt
envvar
escape
every-10-seconds
every-10-seconds.log
exec-in-other-term
export
export-child
extension
fetch
ffmpeg
file.txt
find-audio
find-exec
find-ignore
find-images
find-static-linked
find-static-linked.orig
first-two
fix-ssh-perms
foo
foobar
foo.c
foo.cc
foo.cpp
fooooo
foo.txt
for
for2
for3
for3-dumb
for-list
for-ls
format.sh
function
function2
gcc-help
gcc-help2
gcc-help3
gettext_examples
globs
gps
gps.txt
groups
guessnumber
hackerrank
has10ormorecomments
hello
hello-symlink.txt
hello.txt
hello-world
heredoc
hola
hotkey
https
hwmon
ifelse
ifgrep
ifz
indenter
infinite-read
is-child-path
isexec
jq1
jq1.json
json-sort
lines-between
lines.txt
list-files
literal
log
logfile
login-count-today
logindefs
lseth
main
makepkg
mapfile
mapfile.txt
mkdir
mouse-thing
mouse-thing2
mutex
mvs
my-man
mysql
nested-subst
nginx
nginxVersion.env
nohup.out
nslook
param-expansion
path
pattern
pdf-download
pdftottext
pictures
ping
ping2
ping-wtf
pipenv
pkgs
pkgs.txt
pretty
process
procsub
procsub2
proc-uptime
progress
prompt-yes-no
prompt-yes-no-alt
provision
ps1
quotes
quotes2
random-array-element
random-exec
readarray
read-prompt2
regex
regex2
regex3
remove-except
return-value
scrape
scrapeme.txt
select
select2
self-destruct
set-if-not-defined
shell-script-calling-awk
simple-read-input
single-quote
sleeping
smoke.pot
sort-me.json
spotify-jq
ssh
status
stdbuf
steam
store-and-print
strip-unicode-newline
subst
symlink
test-bash-source
test-find-exec
test-format
testit
test-sudo
text.txt
threads
time-subtract
trap
unicode2.dat
unicode.dat
update-grub
update-grub2
usage
utf
utf-print
varoutput
vim.txt
wait
wait-for-key
watch-file
weather
while-read
whiptail
whoami
wiki
word split
world
xargs
xev
xgettext-find
x.sh
yet-another-find
zenity
zenity2
alias
alsdlf
and
archive.7z
args
arithmetic
array
array2
array3
array-join
awk-script
backlight
backup-minecraft
backup-rsync
bad-mv
badopts
brace
brackets
builder
builtin
calltrace
ccd
chars-per-line
chdir
clear-lines
click-thing
cmp1.txt
cmp2.txt
colors
commentfile.txt
compare
compgen
conditionals
conditionals2
conditionals3
cookie-clicker
cowshit
cowshit2
cpu
cpu-usage
create-desktop-file
csv
csv-apt
curl-nasty
date-format
debug-man
dep
dirname
doas
doubledouble
doublequotevar
dumbcalc
dumb-loop
dumbread
dumbrsync
dumbsleep
ebook
egrep
emoji
emoji-sequences.txt
envvar
escape
every-10-seconds
every-10-seconds.log
exec-in-other-term
export
export-child
extension
fetch
ffmpeg
file.txt
find-audio
find-exec
find-ignore
find-images
find-static-linked
find-static-linked.orig
first-two
fix-ssh-perms
foo
foobar
foo.c
foo.cc
foo.cpp
fooooo
foo.txt
for
for2
for3
for3-dumb
for-list
for-ls
format.sh
function
function2
gcc-help
gcc-help2
gcc-help3
gettext_examples
globs
gps
gps.txt
groups
guessnumber
hackerrank
has10ormorecomments
hello
hello-symlink.txt
hello.txt
hello-world
heredoc
hola
hotkey
https
hwmon
ifelse
ifgrep
ifz
indenter
infinite-read
is-child-path
isexec
jq1
jq1.json
json-sort
lines-between
lines.txt
list-files
literal
log
logfile
login-count-today
logindefs
lseth
main
makepkg
mapfile
mapfile.txt
mkdir
mouse-thing
mouse-thing2
mutex
mvs
my-man
mysql
nested-subst
nginx
nginxVersion.env
nohup.out
nslook
param-expansion
path
pattern
pdf-download
pdftottext
pictures
ping
ping2
ping-wtf
pipenv
pkgs
pkgs.txt
pretty
process
procsub
procsub2
proc-uptime
progress
prompt-yes-no
prompt-yes-no-alt
provision
ps1
quotes
quotes2
random-array-element
random-exec
readarray
read-prompt2
regex
regex2
regex3
remove-except
return-value
scrape
scrapeme.txt
select
select2
self-destruct
set-if-not-defined
shell-script-calling-awk
simple-read-input
single-quote
sleeping
smoke.pot
sort-me.json
spotify-jq
ssh
status
stdbuf
steam
store-and-print
strip-unicode-newline
subst
symlink
test-bash-source
test-find-exec
test-format
testit
test-sudo
text.txt
threads
time-subtract
trap
unicode2.dat
unicode.dat
update-grub
update-grub2
usage
utf
utf-print
varoutput
vim.txt
wait
wait-for-key
watch-file
weather
while-read
whiptail
whoami
wiki
word split
world
xargs
xev
xgettext-find
x.sh
yet-another-find
zenity
zenity2
alias
alsdlf
and
archive.7z
args
arithmetic
array
array2
array3
array-join
awk-script
backlight
backup-minecraft
backup-rsync
bad-mv
badopts
brace
brackets
builder
builtin
calltrace
ccd
chars-per-line
chdir
clear-lines
click-thing
cmp1.txt
cmp2.txt
colors
commentfile.txt
compare
compgen
conditionals
conditionals2
conditionals3
cookie-clicker
cowshit
cowshit2
cpu
cpu-usage
create-desktop-file
csv
csv-apt
curl-nasty
date-format
debug-man
dep
dirname
doas
doubledouble
doublequotevar
dumbcalc
dumb-loop
dumbread
dumbrsync
dumbsleep
ebook
egrep
emoji
emoji-sequences.txt
envvar
escape
every-10-seconds
every-10-seconds.log
exec-in-other-term
export
export-child
extension
fetch
ffmpeg
file.txt
find-audio
find-exec
find-ignore
find-images
find-static-linked
find-static-linked.orig
first-two
fix-ssh-perms
foo
foobar
foo.c
foo.cc
foo.cpp
fooooo
foo.txt
for
for2
for3
for3-dumb
for-list
for-ls
format.sh
function
function2
gcc-help
gcc-help2
gcc-help3
gettext_examples
globs
gps
gps.txt
groups
guessnumber
hackerrank
has10ormorecomments
hello
hello-symlink.txt
hello.txt
hello-world
heredoc
hola
hotkey
https
hwmon
ifelse
ifgrep
ifz
indenter
infinite-read
is-child-path
isexec
jq1
jq1.json
json-sort
lines-between
lines.txt
list-files
literal
log
logfile
login-count-today
logindefs
lseth
main
makepkg
mapfile
mapfile.txt
mkdir
mouse-thing
mouse-thing2
mutex
mvs
my-man
mysql
nested-subst
nginx
nginxVersion.env
nohup.out
nslook
param-expansion
path
pattern
pdf-download
pdftottext
pictures
ping
ping2
ping-wtf
pipenv
pkgs
pkgs.txt
pretty
process
procsub
procsub2
proc-uptime
progress
prompt-yes-no
prompt-yes-no-alt
provision
ps1
quotes
quotes2
random-array-element
random-exec
readarray
read-prompt2
regex
regex2
regex3
remove-except
return-value
scrape
scrapeme.txt
select
select2
self-destruct
set-if-not-defined
shell-script-calling-awk
simple-read-input
single-quote
sleeping
smoke.pot
sort-me.json
spotify-jq
ssh
status
stdbuf
steam
store-and-print
strip-unicode-newline
subst
symlink
test-bash-source
test-find-exec
test-format
testit
test-sudo
text.txt
threads
time-subtract
trap
unicode2.dat
unicode.dat
update-grub
update-grub2
usage
utf
utf-print
varoutput
vim.txt
wait
wait-for-key
watch-file
weather
while-read
whiptail
whoami
wiki
word split
world
xargs
xev
xgettext-find
x.sh
yet-another-find
zenity
zenity2
alias
alsdlf
and
archive.7z
args
arithmetic
array
array2
array3
array-join
awk-script
backlight
backup-minecraft
backup-rsync
bad-mv
badopts
brace
brackets
builder
builtin
calltrace
ccd
chars-per-line
chdir
clear-lines
click-thing
cmp1.txt
cmp2.txt
colors
commentfile.txt
compare
compgen
conditionals
conditionals2
conditionals3
cookie-clicker
cowshit
cowshit2
cpu
cpu-usage
create-desktop-file
csv
csv-apt
curl-nasty
date-format
debug-man
dep
dirname
doas
doubledouble
doublequotevar
dumbcalc
dumb-loop
dumbread
dumbrsync
dumbsleep
ebook
egrep
emoji
emoji-sequences.txt
envvar
escape
every-10-seconds
every-10-seconds.log
exec-in-other-term
export
export-child
extension
fetch
ffmpeg
file.txt
find-audio
find-exec
find-ignore
find-images
find-static-linked
find-static-linked.orig
first-two
fix-ssh-perms
foo
foobar
foo.c
foo.cc
foo.cpp
fooooo
foo.txt
for
for2
for3
for3-dumb
for-list
for-ls
format.sh
function
function2
gcc-help
gcc-help2
gcc-help3
gettext_examples
globs
gps
gps.txt
groups
guessnumber
hackerrank
has10ormorecomments
hello
hello-symlink.txt
hello.txt
hello-world
heredoc
hola
hotkey
https
hwmon
ifelse
ifgrep
ifz
indenter
infinite-read
is-child-path
isexec
jq1
jq1.json
json-sort
lines-between
lines.txt
list-files
literal
log
logfile
login-count-today
logindefs
lseth
main
makepkg
mapfile
mapfile.txt
mkdir
mouse-thing
mouse-thing2
mutex
mvs
my-man
mysql
nested-subst
nginx
nginxVersion.env
nohup.out
nslook
param-expansion
path
pattern
pdf-download
pdftottext
pictures
ping
ping2
ping-wtf
pipenv
pkgs
pkgs.txt
pretty
process
procsub
procsub2
proc-uptime
progress
prompt-yes-no
prompt-yes-no-alt
provision
ps1
quotes
quotes2
random-array-element
random-exec
readarray
read-prompt2
regex
regex2
regex3
remove-except
return-value
scrape
scrapeme.txt
select
select2
self-destruct
set-if-not-defined
shell-script-calling-awk
simple-read-input
single-quote
sleeping
smoke.pot
sort-me.json
spotify-jq
ssh
status
stdbuf
steam
store-and-print
strip-unicode-newline
subst
symlink
test-bash-source
test-find-exec
test-format
testit
test-sudo
text.txt
threads
time-subtract
trap
unicode2.dat
unicode.dat
update-grub
update-grub2
usage
utf
utf-print
varoutput
vim.txt
wait
wait-for-key
watch-file
weather
while-read
whiptail
whoami
wiki
word split
world
xargs
xev
xgettext-find
x.sh
yet-another-find
zenity
zenity2
alias
alsdlf
and
archive.7z
args
arithmetic
array
array2
array3
array-join
awk-script
backlight
backup-minecraft
backup-rsync
bad-mv
badopts
brace
brackets
builder
builtin
calltrace
ccd
chars-per-line
chdir
clear-lines
click-thing
cmp1.txt
cmp2.txt
colors
commentfile.txt
compare
compgen
conditionals
conditionals2
conditionals3
cookie-clicker
cowshit
cowshit2
cpu
cpu-usage
create-desktop-file
csv
csv-apt
curl-nasty
date-format
debug-man
dep
dirname
doas
doubledouble
doublequotevar
dumbcalc
dumb-loop
dumbread
dumbrsync
dumbsleep
ebook
egrep
emoji
emoji-sequences.txt
envvar
escape
every-10-seconds
every-10-seconds.log
exec-in-other-term
export
export-child
extension
fetch
ffmpeg
file.txt
find-audio
find-exec
find-ignore
find-images
find-static-linked
find-static-linked.orig
first-two
fix-ssh-perms
foo
foobar
foo.c
foo.cc
foo.cpp
fooooo
foo.txt
for
for2
for3
for3-dumb
for-list
for-ls
format.sh
function
function2
gcc-help
gcc-help2
gcc-help3
gettext_examples
globs
gps
gps.txt
groups
guessnumber
hackerrank
has10ormorecomments
hello
hello-symlink.txt
hello.txt
hello-world
heredoc
hola
hotkey
https
hwmon
ifelse
ifgrep
ifz
indenter
infinite-read
is-child-path
isexec
jq1
jq1.json
json-sort
lines-between
lines.txt
list-files
literal
log
logfile
login-count-today
logindefs
lseth
main
makepkg
mapfile
mapfile.txt
mkdir
mouse-thing
mouse-thing2
mutex
mvs
my-man
mysql
nested-subst
nginx
nginxVersion.env
nohup.out
nslook
param-expansion
path
pattern
pdf-download
pdftottext
pictures
ping
ping2
ping-wtf
pipenv
pkgs
pkgs.txt
pretty
process
procsub
procsub2
proc-uptime
progress
prompt-yes-no
prompt-yes-no-alt
provision
ps1
quotes
quotes2
random-array-element
random-exec
readarray
read-prompt2
regex
regex2
regex3
remove-except
return-value
scrape
scrapeme.txt
select
select2
self-destruct
set-if-not-defined
shell-script-calling-awk
simple-read-input
single-quote
sleeping
smoke.pot
sort-me.json
spotify-jq
ssh
status
stdbuf
steam
store-and-print
strip-unicode-newline
subst
symlink
test-bash-source
test-find-exec
test-format
testit
test-sudo
text.txt
threads
time-subtract
trap
unicode2.dat
unicode.dat
update-grub
update-grub2
usage
utf
utf-print
varoutput
vim.txt
wait
wait-for-key
watch-file
weather
while-read
whiptail
whoami
wiki
word split
world
xargs
xev
xgettext-find
x.sh
yet-another-find
zenity
zenity2
